Tue Feb 28 18:28:15 PST 2012  [debug] AvalonLogSystem initialized using logfile 'velocity.log'
Tue Feb 28 18:28:15 PST 2012   [info] ************************************************************** 
Tue Feb 28 18:28:15 PST 2012   [info] Starting Jakarta Velocity v1.3.1
Tue Feb 28 18:28:15 PST 2012   [info] RuntimeInstance initializing.
Tue Feb 28 18:28:15 PST 2012   [info] Default Properties File: org/apache/velocity/runtime/defaults/velocity.properties
Tue Feb 28 18:28:15 PST 2012   [info] Trying to use logger class org.apache.velocity.runtime.log.AvalonLogSystem
Tue Feb 28 18:28:15 PST 2012   [info] Using logger class org.apache.velocity.runtime.log.AvalonLogSystem
Tue Feb 28 18:28:15 PST 2012   [info] Default ResourceManager initializing. (class org.apache.velocity.runtime.resource.ResourceManagerImpl)
Tue Feb 28 18:28:15 PST 2012   [info] Resource Loader Instantiated: org.apache.velocity.runtime.resource.loader.ClasspathResourceLoader
Tue Feb 28 18:28:15 PST 2012   [info] ClasspathResourceLoader : initialization starting.
Tue Feb 28 18:28:15 PST 2012   [info] ClasspathResourceLoader : initialization complete.
Tue Feb 28 18:28:15 PST 2012   [info] ResourceCache : initialized. (class org.apache.velocity.runtime.resource.ResourceCacheImpl)
Tue Feb 28 18:28:15 PST 2012   [info] Default ResourceManager initialization complete.
Tue Feb 28 18:28:15 PST 2012   [info] Loaded System Directive: org.apache.velocity.runtime.directive.Literal
Tue Feb 28 18:28:15 PST 2012   [info] Loaded System Directive: org.apache.velocity.runtime.directive.Macro
Tue Feb 28 18:28:15 PST 2012   [info] Loaded System Directive: org.apache.velocity.runtime.directive.Parse
Tue Feb 28 18:28:15 PST 2012   [info] Loaded System Directive: org.apache.velocity.runtime.directive.Include
Tue Feb 28 18:28:15 PST 2012   [info] Loaded System Directive: org.apache.velocity.runtime.directive.Foreach
Tue Feb 28 18:28:15 PST 2012   [info] Created: 20 parsers.
Tue Feb 28 18:28:15 PST 2012   [info] Velocimacro : initialization starting.
Tue Feb 28 18:28:15 PST 2012   [info] Velocimacro : adding VMs from VM library template : VM_global_library.vm
Tue Feb 28 18:28:15 PST 2012  [error] ResourceManager : unable to find resource 'VM_global_library.vm' in any resource loader.
Tue Feb 28 18:28:15 PST 2012   [info] Velocimacro : error using  VM library template VM_global_library.vm : org.apache.velocity.exception.ResourceNotFoundException: Unable to find resource 'VM_global_library.vm'
Tue Feb 28 18:28:15 PST 2012   [info] Velocimacro :  VM library template macro registration complete.
Tue Feb 28 18:28:15 PST 2012   [info] Velocimacro : allowInline = true : VMs can be defined inline in templates
Tue Feb 28 18:28:15 PST 2012   [info] Velocimacro : allowInlineToOverride = false : VMs defined inline may NOT replace previous VM definitions
Tue Feb 28 18:28:15 PST 2012   [info] Velocimacro : allowInlineLocal = false : VMs defined inline will be  global in scope if allowed.
Tue Feb 28 18:28:15 PST 2012   [info] Velocimacro : messages on  : VM system will output logging messages
Tue Feb 28 18:28:15 PST 2012   [info] Velocimacro : autoload off  : VM system will not automatically reload global library macros
Tue Feb 28 18:28:15 PST 2012   [info] Velocimacro : initialization complete.
Tue Feb 28 18:28:15 PST 2012   [info] Velocity successfully started.
Tue Feb 28 18:28:16 PST 2012   [info] ResourceManager : found om/Control.vm with loader org.apache.velocity.runtime.resource.loader.ClasspathResourceLoader
Tue Feb 28 18:28:16 PST 2012  [error] RHS of #set statement is null. Context will not be modified. om/Control.vm [line 105, column 8]
Tue Feb 28 18:28:16 PST 2012   [info] ResourceManager : found om/ExtensionObject.vm with loader org.apache.velocity.runtime.resource.loader.ClasspathResourceLoader
Tue Feb 28 18:28:16 PST 2012   [info] ResourceManager : found om/ExtensionPeer.vm with loader org.apache.velocity.runtime.resource.loader.ClasspathResourceLoader
Tue Feb 28 18:28:16 PST 2012  [error] RHS of #set statement is null. Context will not be modified. om/Control.vm [line 105, column 8]
Tue Feb 28 18:28:16 PST 2012  [error] RHS of #set statement is null. Context will not be modified. om/Control.vm [line 105, column 8]
Tue Feb 28 18:28:16 PST 2012  [error] RHS of #set statement is null. Context will not be modified. om/Control.vm [line 105, column 8]
Tue Feb 28 18:28:16 PST 2012  [error] RHS of #set statement is null. Context will not be modified. om/Control.vm [line 105, column 8]
Tue Feb 28 18:28:16 PST 2012   [info] ResourceManager : found om/ExtensionObject.vm with loader org.apache.velocity.runtime.resource.loader.ClasspathResourceLoader
Tue Feb 28 18:28:16 PST 2012   [info] ResourceManager : found om/ExtensionPeer.vm with loader org.apache.velocity.runtime.resource.loader.ClasspathResourceLoader
Tue Feb 28 18:28:16 PST 2012   [info] ResourceManager : found om/ExtensionObject.vm with loader org.apache.velocity.runtime.resource.loader.ClasspathResourceLoader
Tue Feb 28 18:28:16 PST 2012   [info] ResourceManager : found om/ExtensionPeer.vm with loader org.apache.velocity.runtime.resource.loader.ClasspathResourceLoader
Tue Feb 28 18:28:16 PST 2012   [info] ResourceManager : found om/ExtensionObject.vm with loader org.apache.velocity.runtime.resource.loader.ClasspathResourceLoader
Tue Feb 28 18:28:16 PST 2012   [info] ResourceManager : found om/ExtensionPeer.vm with loader org.apache.velocity.runtime.resource.loader.ClasspathResourceLoader
Tue Feb 28 18:28:16 PST 2012   [info] ResourceManager : found om/ExtensionObject.vm with loader org.apache.velocity.runtime.resource.loader.ClasspathResourceLoader
Tue Feb 28 18:28:16 PST 2012   [info] ResourceManager : found om/ExtensionPeer.vm with loader org.apache.velocity.runtime.resource.loader.ClasspathResourceLoader
Tue Feb 28 18:28:16 PST 2012   [info] ResourceManager : found om/ControlBase.vm with loader org.apache.velocity.runtime.resource.loader.ClasspathResourceLoader
Tue Feb 28 18:28:16 PST 2012   [info] ResourceManager : found om/Peer.vm with loader org.apache.velocity.runtime.resource.loader.ClasspathResourceLoader
Tue Feb 28 18:28:16 PST 2012   [info] ResourceManager : found om/MapBuilder.vm with loader org.apache.velocity.runtime.resource.loader.ClasspathResourceLoader
Tue Feb 28 18:28:16 PST 2012   [info] ResourceManager : found om/Object.vm with loader org.apache.velocity.runtime.resource.loader.ClasspathResourceLoader
Tue Feb 28 18:28:16 PST 2012  [error] RHS of #set statement is null. Context will not be modified. om/Object.vm [line 1840, column 1]
Tue Feb 28 18:28:16 PST 2012  [error] RHS of #set statement is null. Context will not be modified. om/ControlBase.vm [line 114, column 8]
Tue Feb 28 18:28:16 PST 2012  [error] RHS of #set statement is null. Context will not be modified. om/ControlBase.vm [line 115, column 8]
Tue Feb 28 18:28:16 PST 2012   [info] ResourceManager : found om/Peer.vm with loader org.apache.velocity.runtime.resource.loader.ClasspathResourceLoader
Tue Feb 28 18:28:16 PST 2012   [info] ResourceManager : found om/MapBuilder.vm with loader org.apache.velocity.runtime.resource.loader.ClasspathResourceLoader
Tue Feb 28 18:28:16 PST 2012   [info] ResourceManager : found om/Object.vm with loader org.apache.velocity.runtime.resource.loader.ClasspathResourceLoader
Tue Feb 28 18:28:16 PST 2012  [error] RHS of #set statement is null. Context will not be modified. om/Object.vm [line 1840, column 1]
Tue Feb 28 18:28:16 PST 2012   [info] ResourceManager : found om/Peer.vm with loader org.apache.velocity.runtime.resource.loader.ClasspathResourceLoader
Tue Feb 28 18:28:16 PST 2012   [info] ResourceManager : found om/MapBuilder.vm with loader org.apache.velocity.runtime.resource.loader.ClasspathResourceLoader
Tue Feb 28 18:28:16 PST 2012   [info] ResourceManager : found om/Object.vm with loader org.apache.velocity.runtime.resource.loader.ClasspathResourceLoader
Tue Feb 28 18:28:17 PST 2012  [error] RHS of #set statement is null. Context will not be modified. om/Object.vm [line 1840, column 1]
Tue Feb 28 18:28:17 PST 2012   [info] ResourceManager : found om/Peer.vm with loader org.apache.velocity.runtime.resource.loader.ClasspathResourceLoader
Tue Feb 28 18:28:17 PST 2012   [info] ResourceManager : found om/MapBuilder.vm with loader org.apache.velocity.runtime.resource.loader.ClasspathResourceLoader
Tue Feb 28 18:28:17 PST 2012   [info] ResourceManager : found om/Object.vm with loader org.apache.velocity.runtime.resource.loader.ClasspathResourceLoader
Tue Feb 28 18:28:17 PST 2012  [error] RHS of #set statement is null. Context will not be modified. om/Object.vm [line 365, column 1]
Tue Feb 28 18:28:17 PST 2012  [error] RHS of #set statement is null. Context will not be modified. om/Object.vm [line 365, column 1]
Tue Feb 28 18:28:17 PST 2012   [info] ResourceManager : found om/Peer.vm with loader org.apache.velocity.runtime.resource.loader.ClasspathResourceLoader
Tue Feb 28 18:28:17 PST 2012   [info] ResourceManager : found om/MapBuilder.vm with loader org.apache.velocity.runtime.resource.loader.ClasspathResourceLoader
Tue Feb 28 18:28:17 PST 2012   [info] ResourceManager : found om/Object.vm with loader org.apache.velocity.runtime.resource.loader.ClasspathResourceLoader
Tue Feb 28 18:28:17 PST 2012  [error] RHS of #set statement is null. Context will not be modified. om/Object.vm [line 365, column 1]
Tue Feb 28 18:28:17 PST 2012  [error] RHS of #set statement is null. Context will not be modified. om/Object.vm [line 365, column 1]
Tue Feb 28 18:28:17 PST 2012   [info] ResourceManager : found om/DatabaseMapInit.vm with loader org.apache.velocity.runtime.resource.loader.ClasspathResourceLoader
Tue Feb 28 18:28:17 PST 2012   [info] ResourceManager : found om/DatabaseMapInitLinkageObject.vm with loader org.apache.velocity.runtime.resource.loader.ClasspathResourceLoader
